<?xml version="1.0" encoding="UTF-8" ?>
<testsuite errors="0" failures="0" hostname="lishoubo.local" name="com.ssl.curriculum.math.presenter.NavigationPresenterTest" tests="1" time="2.591" timestamp="2012-07-18T07:23:41">
  <properties>
    <property name="file.encoding.pkg" value="sun.io" />
    <property name="resource.package.file.name" value="SunMathApp.ap_" />
    <property name="android.package.excludes" value="" />
    <property name="java.home" value="/System/Library/Java/JavaVirtualMachines/1.6.0.jdk/Contents/Home" />
    <property name="resource.absolute.dir" value="/Users/twer/project/SunApps/SunMath/res" />
    <property name="test.src.dir" value="test" />
    <property name="renderscript.release.opt.level" value="O3" />
    <property name="native.libs.absolute.dir" value="/Users/twer/project/SunApps/SunMath/libs" />
    <property name="java.endorsed.dirs" value="/System/Library/Java/JavaVirtualMachines/1.6.0.jdk/Contents/Home/lib/endorsed" />
    <property name="asset.absolute.dir" value="/Users/twer/project/SunApps/SunMath/assets" />
    <property name="jar.libs.dir" value="libs" />
    <property name="key.store" value="sslmath-release-key.keystore" />
    <property name="sun.os.patch.level" value="unknown" />
    <property name="java.vendor.url" value="http://www.apple.com/" />
    <property name="java.version" value="1.6.0_33" />
    <property name="dex.file.name" value="classes.dex" />
    <property name="key.alias.password" value="sslmath" />
    <property name="jikes.class.path" value=":/System/Library/Frameworks/JavaVM.framework/Versions/1.6.0/Home/../Classes/alt-rt.jar:/System/Library/Frameworks/JavaVM.framework/Versions/1.6.0/Home/../Classes/alt-string.jar:/System/Library/Frameworks/JavaVM.framework/Versions/1.6.0/Home/../Classes/charsets.jar:/System/Library/Frameworks/JavaVM.framework/Versions/1.6.0/Home/../Classes/classes.jar:/System/Library/Frameworks/JavaVM.framework/Versions/1.6.0/Home/../Classes/dt.jar:/System/Library/Frameworks/JavaVM.framework/Versions/1.6.0/Home/../Classes/jce.jar:/System/Library/Frameworks/JavaVM.framework/Versions/1.6.0/Home/../Classes/jconsole.jar:/System/Library/Frameworks/JavaVM.framework/Versions/1.6.0/Home/../Classes/jsse.jar:/System/Library/Frameworks/JavaVM.framework/Versions/1.6.0/Home/../Classes/management-agent.jar:/System/Library/Frameworks/JavaVM.framework/Versions/1.6.0/Home/../Classes/ui.jar" />
    <property name="java.vendor.url.bug" value="http://bugreport.apple.com/" />
    <property name="ant.project.invoked-targets" value="unit_test" />
    <property name="out.manifest.abs.file" value="/Users/twer/project/SunApps/SunMath/bin/AndroidManifest.xml" />
    <property name="manifest.file" value="AndroidManifest.xml" />
    <property name="user.name" value="twer" />
    <property name="sun.io.unicode.encoding" value="UnicodeLittle" />
    <property name="aidl" value="/Users/twer/software/android-sdk-mac_x86/platform-tools/aidl" />
    <property name="sun.jnu.encoding" value="MacRoman" />
    <property name="out.dir" value="bin" />
    <property name="asset.dir" value="assets" />
    <property name="java.runtime.name" value="Java(TM) SE Runtime Environment" />
    <property name="android.tools.dir" value="/Users/twer/software/android-sdk-mac_x86/tools" />
    <property name="zipalign" value="/Users/twer/software/android-sdk-mac_x86/tools/zipalign" />
    <property name="project.sc.dir" value="src" />
    <property name="java.compilerargs" value="" />
    <property name="test.libs" value="libs/test" />
    <property name="java.specification.name" value="Java Platform API Specification" />
    <property name="ftp.nonProxyHosts" value="localhost|*.localhost|127.0.0.1" />
    <property name="user.timezone" value="" />
    <property name="path.separator" value=":" />
    <property name="file.encoding" value="MacRoman" />
    <property name="adb" value="/Users/twer/software/android-sdk-mac_x86/platform-tools/adb" />
    <property name="aapt" value="/Users/twer/software/android-sdk-mac_x86/platform-tools/aapt" />
    <property name="sun.java.command" value="org.apache.tools.ant.taskdefs.optional.junit.JUnitTestRunner com.ssl.curriculum.math.presenter.NavigationPresenterTest filtertrace=true haltOnError=true haltOnFailure=true formatter=org.apache.tools.ant.taskdefs.optional.junit.SummaryJUnitResultFormatter showoutput=true outputtoformatters=true logfailedtests=true logtestlistenerevents=false formatter=org.apache.tools.ant.taskdefs.optional.junit.BriefJUnitResultFormatter formatter=org.apache.tools.ant.taskdefs.optional.junit.XMLJUnitResultFormatter,/Users/twer/project/SunApps/SunMath/reports/junit-xml/TEST-com.ssl.curriculum.math.presenter.NavigationPresenterTest.xml crashfile=/Users/twer/project/SunApps/SunMath/junitvmwatcher8679113138060598809.properties propsfile=/Users/twer/project/SunApps/SunMath/junit3185765590761893310.properties" />
    <property name="socksNonProxyHosts" value="localhost|*.localhost|127.0.0.1" />
    <property name="ant.file" value="/Users/twer/project/SunApps/SunMath/build.xml" />
    <property name="version.name" value="" />
    <property name="out.res.absolute.dir" value="/Users/twer/project/SunApps/SunMath/bin/res" />
    <property name="sdk.dir" value="/Users/twer/software/android-sdk-mac_x86" />
    <property name="java.io.tmpdir" value="/var/folders/y6/40w_0hk51rv0b1jhgzx7z4600000gn/T/" />
    <property name="user.language" value="en" />
    <property name="line.separator" value="&#xa;" />
    <property name="target" value="android-8" />
    <property name="ant.file.type" value="file" />
    <property name="verbose" value="false" />
    <property name="java.vm.info" value="mixed mode" />
    <property name="java.vm.specification.name" value="Java Virtual Machine Specification" />
    <property name="out.build.prop.file" value="/Users/twer/project/SunApps/SunMath/bin/build.prop" />
    <property name="out.classes.absolute.dir" value="/Users/twer/project/SunApps/SunMath/bin/classes" />
    <property name="ant.file.type.android_rules" value="file" />
    <property name="http.nonProxyHosts" value="localhost|*.localhost|127.0.0.1" />
    <property name="need.javac.fork" value="false" />
    <property name="java.awt.printerjob" value="apple.awt.CPrinterJob" />
    <property name="ant.version" value="Apache Ant(TM) version 1.8.2 compiled on June 3 2011" />
    <property name="ant.file.SunMathApp" value="/Users/twer/project/SunApps/SunMath/build.xml" />
    <property name="https.proxyPort" value="3128" />
    <property name="source.dir" value="src" />
    <property name="gopherProxySet" value="false" />
    <property name="version.code" value="" />
    <property name="os.name" value="Mac OS X" />
    <property name="java.specification.vendor" value="Sun Microsystems Inc." />
    <property name="source.absolute.dir" value="/Users/twer/project/SunApps/SunMath/src" />
    <property name="mrj.build" value="11M3720" />
    <property name="java.vm.name" value="Java HotSpot(TM) 64-Bit Server VM" />
    <property name="mrj.version" value="1070.1.6.0_33-424" />
    <property name="gen.absolute.dir" value="/Users/twer/project/SunApps/SunMath/gen" />
    <property name="build.packaging.nocrunch" value="true" />
    <property name="java.library.path" value=".:/Library/Java/Extensions:/System/Library/Java/Extensions:/usr/lib/java" />
    <property name="ant.java.version" value="1.6" />
    <property name="basedir" value="/Users/twer/project/SunApps/SunMath" />
    <property name="java.class.version" value="50.0" />
    <property name="ant.home" value="/usr/share/ant" />
    <property name="aapt.resource.filter" value="" />
    <property name="dx" value="/Users/twer/software/android-sdk-mac_x86/platform-tools/dx" />
    <property name="exe" value="" />
    <property name="intermediate.dex.file" value="/Users/twer/project/SunApps/SunMath/bin/classes.dex" />
    <property name="java_encoding" value="UTF-8" />
    <property name="android.platform.tools.dir" value="/Users/twer/software/android-sdk-mac_x86/platform-tools" />
    <property name="key.store.password" value="sslmath" />
    <property name="sun.boot.library.path" value="/System/Library/Java/JavaVirtualMachines/1.6.0.jdk/Contents/Libraries" />
    <property name="sun.management.compiler" value="HotSpot 64-Bit Tiered Compilers" />
    <property name="java.awt.graphicsenv" value="apple.awt.CGraphicsEnvironment" />
    <property name="adb.device.arg" value="" />
    <property name="http.proxyPort" value="3128" />
    <property name="java.encoding" value="UTF-8" />
    <property name="has.password" value="true" />
    <property name="https.proxyHost" value="10.18.0.254" />
    <property name="jar.libs.absolute.dir" value="/Users/twer/project/SunApps/SunMath/libs" />
    <property name="ant.project.name" value="SunMathApp" />
    <property name="ftp.proxyPort" value="3128" />
    <property name="java.vm.specification.version" value="1.0" />
    <property name="awt.toolkit" value="apple.awt.CToolkit" />
    <property name="reports.xml.dir" value="reports/junit-xml" />
    <property name="sun.cpu.isalist" value="" />
    <property name="java.target" value="1.5" />
    <property name="java.ext.dirs" value="/Library/Java/Extensions:/System/Library/Java/Extensions:/System/Library/Java/JavaVirtualMachines/1.6.0.jdk/Contents/Home/lib/ext" />
    <property name="os.version" value="10.7.4" />
    <property name="user.home" value="/Users/twer" />
    <property name="java.vm.vendor" value="Apple Inc." />
    <property name="java.source" value="1.5" />
    <property name="user.dir" value="/Users/twer/project/SunApps/SunMath" />
    <property name="ant.file.android_rules" value="/Users/twer/software/android-sdk-mac_x86/tools/ant/build.xml" />
    <property name="sun.cpu.endian" value="little" />
    <property name="manifestmerger.enabled" value="false" />
    <property name="out.aidl.absolute.dir" value="/Users/twer/project/SunApps/SunMath/bin/aidl" />
    <property name="java.vm.version" value="20.8-b03-424" />
    <property name="key.alias" value="sslmath" />
    <property name="java.class.path" value="/Users/twer/project/SunApps/SunMath/bin/classes:/Users/twer/project/SunApps/SunMath/libs/test/hamcrest-all-1.3.0RC2.jar:/Users/twer/project/SunApps/SunMath/libs/test/junit-4.8.2.jar:/Users/twer/project/SunApps/SunMath/libs/test/mockito-all-1.8.5.jar:/Users/twer/project/SunApps/SunMath/libs/test/robolectric-1.2-20120702.202212-106-jar-with-dependencies.jar:/Users/twer/project/SunApps/SunMath/libs/test/xercesImpl-2.9.1.jar:/Users/twer/software/android-sdk-mac_x86/platforms/android-8/android.jar:/usr/share/java/ant-1.8.2/lib/ant-launcher.jar:/usr/share/ant/lib/ant.jar:/usr/share/ant/lib/ant-junit.jar:/usr/share/ant/lib/ant-junit4.jar" />
    <property name="ant.library.dir" value="/usr/share/ant/lib" />
    <property name="os.arch" value="x86_64" />
    <property name="http.proxyHost" value="10.18.0.254" />
    <property name="emma.filter" value="" />
    <property name="sun.java.launcher" value="SUN_STANDARD" />
    <property name="classes.dir" value="bin/classes" />
    <property name="ant.core.lib" value="/usr/share/ant/lib/ant.jar" />
    <property name="ftp.proxyHost" value="10.18.0.254" />
    <property name="java.vm.specification.vendor" value="Sun Microsystems Inc." />
    <property name="reports.html.dir" value="reports/junit-html" />
    <property name="file.separator" value="/" />
    <property name="renderscript.debug.opt.level" value="O0" />
    <property name="reports.dir" value="reports" />
    <property name="java.runtime.version" value="1.6.0_33-b03-424-11M3720" />
    <property name="sun.boot.class.path" value="/System/Library/Java/JavaVirtualMachines/1.6.0.jdk/Contents/Classes/jsfd.jar:/System/Library/Java/JavaVirtualMachines/1.6.0.jdk/Contents/Classes/classes.jar:/System/Library/Frameworks/JavaVM.framework/Frameworks/JavaRuntimeSupport.framework/Resources/Java/JavaRuntimeSupport.jar:/System/Library/Java/JavaVirtualMachines/1.6.0.jdk/Contents/Classes/ui.jar:/System/Library/Java/JavaVirtualMachines/1.6.0.jdk/Contents/Classes/laf.jar:/System/Library/Java/JavaVirtualMachines/1.6.0.jdk/Contents/Classes/sunrsasign.jar:/System/Library/Java/JavaVirtualMachines/1.6.0.jdk/Contents/Classes/jsse.jar:/System/Library/Java/JavaVirtualMachines/1.6.0.jdk/Contents/Classes/jce.jar:/System/Library/Java/JavaVirtualMachines/1.6.0.jdk/Contents/Classes/charsets.jar" />
    <property name="emma.dir" value="/Users/twer/software/android-sdk-mac_x86/tools/lib" />
    <property name="out.absolute.dir" value="/Users/twer/project/SunApps/SunMath/bin" />
    <property name="verbosity" value="quiet" />
    <property name="user.country" value="US" />
    <property name="has.keystore" value="true" />
    <property name="bat" value="" />
    <property name="ant.file.type.SunMathApp" value="file" />
    <property name="manifest.abs.file" value="/Users/twer/project/SunApps/SunMath/AndroidManifest.xml" />
    <property name="java.vendor" value="Apple Inc." />
    <property name="host.name" value="lishoubo.local" />
    <property name="awt.nativeDoubleBuffering" value="true" />
    <property name="renderscript" value="/Users/twer/software/android-sdk-mac_x86/platform-tools/llvm-rs-cc" />
    <property name="gen.dir" value="gen" />
    <property name="java.specification.version" value="1.6" />
    <property name="aapt.ignore.assets" value="" />
    <property name="sun.arch.data.model" value="64" />
  </properties>
  <testcase classname="com.ssl.curriculum.math.presenter.NavigationPresenterTest" name="test_should_load_data_and_update_view" time="2.326" />
  <system-out><![CDATA[Warning: an error occurred while binding shadow class: ShadowGeoPoint
Warning: an error occurred while binding shadow class: ShadowItemizedOverlay
Warning: an error occurred while binding shadow class: ShadowMapController
Warning: an error occurred while binding shadow class: ShadowMapActivity
Warning: an error occurred while binding shadow class: ShadowMapView
Warning: an error occurred while binding shadow class: ShadowNdefMessage
Warning: an error occurred while binding shadow class: ShadowNdefRecord
Warning: an error occurred while binding shadow class: ShadowNfcAdapter
Warning: an error occurred while binding shadow class: ShadowOverlayItem
]]></system-out>
  <system-err><![CDATA[]]></system-err>
</testsuite>
